
info	2022-03-19 03:39:22	GET Request to /api/targets
info	2022-03-19 03:39:22	Route not found
info	2022-03-19 03:40:11	GET Request to /api/targets
info	2022-03-19 03:40:11	Route not found
info	2022-03-19 03:40:30	GET Request to /api/targets
info	2022-03-19 03:40:46	GET Request to /api/targetsd
info	2022-03-19 03:40:46	Route not found
info	2022-03-19 03:41:28	GET Request to /api/targetsssssssssssss
info	2022-03-19 03:41:28	Route not found
info	2022-03-19 03:41:39	GET Request to /api/targetsssssssssssss
info	2022-03-19 03:41:39	Route not found
info	2022-03-19 03:42:38	GET Request to /gift-by-targetId/1
info	2022-03-19 03:42:38	Route not found
info	2022-03-19 03:42:53	GET Request to /api/gift-by-targetId/1
info	2022-03-19 03:43:04	GET Request to /api/gift-by-targetId/2
info	2022-03-19 03:43:09	GET Request to /api/gift-by-targetId/3
info	2022-03-19 03:44:31	GET Request to /api/gift-by-targetId/3
info	2022-03-19 03:44:31	Resource with id 3 not found.
info	2022-03-19 03:44:37	GET Request to /api/gift-by-targetId/kjghkjh
error	2022-03-19 03:44:37	ER_BAD_FIELD_ERROR: Unknown column 'NaN' in 'where clause'
info	2022-03-19 03:44:43	GET Request to /api/gift-by-targetId/354354
info	2022-03-19 03:44:43	Resource with id 354354 not found.
info	2022-03-19 03:45:16	GET Request to /api/gift-by-targetId/354354
info	2022-03-19 03:45:16	Resource with id 354354 not found.
info	2022-03-19 03:45:21	GET Request to /api/gift-by-targetId/1
info	2022-03-19 03:45:49	GET Request to /api/gift-by-targetId/1
info	2022-03-19 03:45:52	GET Request to /api/gift-by-targetId/354354
info	2022-03-19 03:45:52	Resource with id 354354 not found.
info	2022-03-19 03:45:57	GET Request to /api/gift-by-targetId/354354
info	2022-03-19 03:45:57	Resource with id 354354 not found.
info	2022-03-19 03:46:40	GET Request to /api/gift-by-targetId/354354
info	2022-03-19 03:46:40	Resource with id 354354 not found.
info	2022-03-19 03:48:27	GET Request to /api/gift-by-targetId/354354
error	2022-03-19 03:48:27	toFixed() digits argument must be between 0 and 100
info	2022-03-19 03:48:48	GET Request to /api/targets
info	2022-03-19 03:49:07	GET Request to /api/targets
info	2022-03-19 03:49:09	GET Request to /api/targets
info	2022-03-19 03:49:10	GET Request to /api/targets
info	2022-03-19 03:49:11	GET Request to /api/targets
info	2022-03-19 03:49:16	GET Request to /api/targetsssssssssssss
info	2022-03-19 03:49:16	Route not found
info	2022-03-19 03:49:18	GET Request to /api/targetsssssssssssss
info	2022-03-19 03:49:18	Route not found
info	2022-03-19 03:49:30	GET Request to /api/targetsssssssssssss
info	2022-03-19 03:49:30	Route not found
info	2022-03-19 03:49:49	GET Request to /api/gift-by-targetId/1
error	2022-03-19 03:49:49	toFixed() digits argument must be between 0 and 100
info	2022-03-19 03:51:04	GET Request to /api/gift-by-targetId/1
info	2022-03-19 03:51:08	GET Request to /api/gift-by-targetId/354354
info	2022-03-19 03:51:11	GET Request to /api/gift-by-targetId/354354
info	2022-03-19 03:51:12	GET Request to /api/gift-by-targetId/354354
info	2022-03-19 03:51:13	GET Request to /api/gift-by-targetId/354354
info	2022-03-19 03:52:25	GET Request to /api/gift-by-targetId/354354
info	2022-03-19 03:52:25	Resource with id 354354 not found.
info	2022-03-19 03:54:46	POST Request to /api/gifts
info	2022-03-19 03:55:00	GET Request to /api/gift-by-targetId/1
info	2022-03-19 03:56:20	POST Request to /api/gifts
info	2022-03-19 03:56:20	"price" must be a number
info	2022-03-19 03:57:33	PUT Request to /api/gifts/4
info	2022-03-19 03:57:41	GET Request to /api/gift-by-targetId/1
info	2022-03-19 03:58:54	PUT Request to /api/gifts/4
info	2022-03-19 03:58:54	"giftName" must be a string
info	2022-03-19 03:59:25	PUT Request to /api/gifts/4654564
info	2022-03-19 03:59:25	"giftName" must be a string
info	2022-03-19 03:59:50	PUT Request to /api/gifts/4654564
info	2022-03-19 03:59:50	Resource with id 4654564 not found.
info	2022-03-19 04:00:23	POST Request to /api/gifts
info	2022-03-19 04:00:43	DELETE Request to /api/gift/5
info	2022-03-19 04:00:43	Route not found
info	2022-03-19 04:01:08	DELETE Request to /api/gifts/5
info	2022-03-19 04:01:12	GET Request to /api/gift-by-targetId/1
info	2022-03-20 11:17:07	GET Request to /api/gift-by-targetId/1
info	2022-03-20 11:17:07	Route not found
info	2022-03-20 11:17:36	GET Request to /api/gift-by-targetId/1
info	2022-03-20 11:17:36	Route not found
info	2022-03-20 11:17:50	GET Request to /api/targets
info	2022-03-20 11:17:51	GET Request to /api/targets
info	2022-03-20 11:17:59	GET Request to /api/gift-by-targetId/1
info	2022-03-20 11:17:59	Route not found
info	2022-03-20 11:18:05	GET Request to /api/targets
info	2022-03-20 11:18:16	GET Request to /api/gift-by-targetId/1
info	2022-03-20 11:18:16	Route not found
info	2022-03-20 11:18:21	GET Request to /api/targets
info	2022-03-20 11:18:24	GET Request to /api/gift-by-targetId/354354
info	2022-03-20 11:18:24	Route not found
info	2022-03-20 11:18:39	GET Request to /api/gifts-by-targetId/1
info	2022-03-20 11:19:09	GET Request to /api/targets
info	2022-03-20 11:23:38	GET Request to /api/targets/
info	2022-03-20 11:23:38	GET Request to /api/targets/
info	2022-03-20 11:27:25	GET Request to /api/targets
info	2022-03-20 11:27:34	GET Request to /api/targets/
info	2022-03-20 11:28:15	GET Request to /api/targets/
info	2022-03-20 11:28:15	GET Request to /api/targets/
info	2022-03-20 11:28:22	GET Request to /api/targets/
info	2022-03-20 11:30:19	GET Request to /api/targets/
info	2022-03-20 11:30:19	GET Request to /api/targets/
info	2022-03-20 11:30:21	GET Request to /api/targets/
info	2022-03-20 11:31:29	GET Request to /api/targets/
info	2022-03-20 11:31:44	GET Request to /api/targets/
info	2022-03-20 11:32:44	GET Request to /api/targets/
info	2022-03-20 11:33:20	GET Request to /api/targets/
info	2022-03-20 11:33:22	GET Request to /api/targets/
info	2022-03-20 11:33:26	GET Request to /api/targets/
info	2022-03-20 11:34:25	GET Request to /api/targets/
info	2022-03-20 11:34:25	GET Request to /api/targets/
info	2022-03-20 11:34:30	GET Request to /api/targets/
info	2022-03-20 11:34:36	GET Request to /api/targets/
info	2022-03-20 11:34:39	GET Request to /api/targets/
info	2022-03-20 11:34:42	GET Request to /api/targets/
info	2022-03-20 11:34:50	GET Request to /api/targets/
info	2022-03-20 11:34:51	GET Request to /api/targets/
info	2022-03-20 11:34:51	GET Request to /api/targets/
info	2022-03-20 11:34:52	GET Request to /api/targets/
info	2022-03-20 11:34:52	GET Request to /api/targets/
info	2022-03-20 11:34:53	GET Request to /api/targets/
info	2022-03-20 11:34:53	GET Request to /api/targets/
info	2022-03-20 11:34:55	GET Request to /api/targets/
info	2022-03-20 11:34:55	GET Request to /api/targets/
info	2022-03-20 11:35:01	GET Request to /api/targets/
info	2022-03-20 11:35:01	GET Request to /api/targets/
info	2022-03-20 11:35:01	GET Request to /api/targets/
info	2022-03-20 11:35:01	GET Request to /api/targets/
info	2022-03-20 11:35:01	GET Request to /api/targets/
info	2022-03-20 11:35:01	GET Request to /api/targets/
info	2022-03-20 11:35:03	GET Request to /api/targets/
info	2022-03-20 11:35:03	GET Request to /api/targets/
info	2022-03-20 11:35:05	GET Request to /api/targets/
info	2022-03-20 11:35:05	GET Request to /api/targets/
info	2022-03-20 11:35:08	GET Request to /api/targets/
info	2022-03-20 11:35:08	GET Request to /api/targets/
info	2022-03-20 11:35:10	GET Request to /api/targets/
info	2022-03-20 11:35:10	GET Request to /api/targets/
info	2022-03-20 11:35:14	GET Request to /api/targets/
info	2022-03-20 11:35:14	GET Request to /api/targets/
info	2022-03-20 11:35:17	GET Request to /api/targets/
info	2022-03-20 11:35:17	GET Request to /api/targets/
info	2022-03-20 11:38:57	GET Request to /api/targets/
info	2022-03-20 11:39:00	GET Request to /api/targets/
info	2022-03-20 11:39:46	GET Request to /api/targets/
info	2022-03-20 11:41:07	GET Request to /api/targets/
info	2022-03-20 11:41:08	GET Request to /api/targets/
info	2022-03-20 11:41:12	GET Request to /api/targets/
info	2022-03-20 11:41:12	GET Request to /api/targets/
info	2022-03-20 11:41:13	GET Request to /api/targets/
info	2022-03-20 11:41:13	GET Request to /api/targets/
info	2022-03-20 11:41:25	GET Request to /api/targets/
info	2022-03-20 11:41:27	GET Request to /api/targets/
info	2022-03-20 11:41:43	GET Request to /api/targets/
info	2022-03-20 11:41:49	GET Request to /api/targets/
info	2022-03-20 11:42:07	GET Request to /api/targets/
info	2022-03-20 11:42:40	GET Request to /api/targets/
info	2022-03-20 11:42:41	GET Request to /api/targets/
info	2022-03-20 11:42:44	GET Request to /api/targets/
info	2022-03-20 11:42:58	GET Request to /api/targets/
info	2022-03-20 11:43:04	GET Request to /api/targets/
info	2022-03-20 11:43:11	GET Request to /api/targets/
info	2022-03-20 11:43:21	GET Request to /api/targets/
info	2022-03-20 11:43:25	GET Request to /api/targets/
info	2022-03-20 11:43:29	GET Request to /api/targets/
info	2022-03-20 11:43:33	GET Request to /api/targets/
info	2022-03-20 11:43:41	GET Request to /api/targets/
info	2022-03-20 11:43:48	GET Request to /api/targets/
info	2022-03-20 11:48:35	GET Request to /api/targets/
info	2022-03-20 11:48:35	GET Request to /api/targets/
info	2022-03-20 11:53:19	GET Request to /api/targets/
info	2022-03-20 12:00:09	GET Request to /api/targets/
info	2022-03-20 12:00:12	GET Request to /api/targets/
info	2022-03-20 12:00:12	GET Request to /api/targets/
info	2022-03-20 12:01:07	GET Request to /api/targets/
info	2022-03-20 12:01:14	GET Request to /api/targets/
info	2022-03-20 12:01:15	GET Request to /api/targets/
info	2022-03-20 12:01:16	GET Request to /api/targets/
info	2022-03-20 12:01:58	GET Request to /api/targets/
info	2022-03-20 12:02:00	GET Request to /api/targets/
info	2022-03-20 12:02:07	GET Request to /api/targets/
info	2022-03-20 12:02:09	GET Request to /api/targets/
info	2022-03-20 12:02:15	GET Request to /api/targets/
info	2022-03-20 12:02:17	GET Request to /api/targets/
info	2022-03-20 12:02:19	GET Request to /api/targets/
info	2022-03-20 12:02:22	GET Request to /api/targets/
info	2022-03-20 12:12:05	GET Request to /api/gifts-by-targetId/undefined
error	2022-03-20 12:12:06	ER_BAD_FIELD_ERROR: Unknown column 'NaN' in 'where clause'
info	2022-03-20 12:12:13	GET Request to /api/targets/
info	2022-03-20 12:13:23	GET Request to /api/targets/
info	2022-03-20 12:14:07	GET Request to /api/targets/
info	2022-03-20 12:14:10	GET Request to /api/targets/
info	2022-03-20 12:14:11	GET Request to /api/targets/
info	2022-03-20 12:14:18	GET Request to /api/targets/
info	2022-03-20 12:14:23	GET Request to /api/targets/
info	2022-03-20 12:14:23	GET Request to /api/targets/
info	2022-03-20 12:14:24	GET Request to /api/targets/
info	2022-03-20 12:14:24	GET Request to /api/targets/
info	2022-03-20 12:14:44	GET Request to /api/targets/
info	2022-03-20 12:14:44	GET Request to /api/targets/
info	2022-03-20 12:14:47	GET Request to /api/targets/
info	2022-03-20 12:15:00	GET Request to /api/targets/
info	2022-03-20 12:15:02	GET Request to /api/targets/
info	2022-03-20 12:15:04	GET Request to /api/targets/
info	2022-03-20 12:15:04	GET Request to /api/targets/
info	2022-03-20 12:15:05	GET Request to /api/targets/
info	2022-03-20 12:15:08	GET Request to /api/targets/
info	2022-03-20 12:15:09	GET Request to /api/targets/
info	2022-03-20 12:15:30	GET Request to /api/targets/
info	2022-03-20 12:15:32	GET Request to /api/targets/
info	2022-03-20 12:16:25	GET Request to /api/targets/
info	2022-03-20 12:16:29	GET Request to /api/targets/
info	2022-03-20 12:16:35	GET Request to /api/targets/
info	2022-03-20 12:16:46	GET Request to /api/targets/
info	2022-03-20 12:16:51	GET Request to /api/gifts-by-targetId/1
info	2022-03-20 12:16:54	GET Request to /api/gifts-by-targetId/2
info	2022-03-20 12:17:02	GET Request to /api/targets/
info	2022-03-20 12:17:16	GET Request to /api/targets/
info	2022-03-20 12:17:44	GET Request to /api/targets/
info	2022-03-20 12:17:46	GET Request to /api/targets/
info	2022-03-20 12:17:49	GET Request to /api/targets/
info	2022-03-20 12:17:52	GET Request to /api/targets/
info	2022-03-20 12:17:55	GET Request to /api/targets/
info	2022-03-20 12:17:59	GET Request to /api/targets/
info	2022-03-20 12:18:02	GET Request to /api/targets/
info	2022-03-20 12:18:04	GET Request to /api/targets/
info	2022-03-20 01:27:30	GET Request to /api/targets/
info	2022-03-20 01:27:32	GET Request to /api/targets/
info	2022-03-20 01:27:34	GET Request to /api/targets/
info	2022-03-20 01:27:36	GET Request to /api/targets/
info	2022-03-20 01:29:18	GET Request to /api/targets/
info	2022-03-20 01:29:20	GET Request to /api/targets/
info	2022-03-20 01:36:15	GET Request to /api/targets/
info	2022-03-20 01:37:22	GET Request to /api/targets/
info	2022-03-20 01:37:22	GET Request to /api/targets/
info	2022-03-20 01:37:22	GET Request to /api/targets/
info	2022-03-20 01:38:03	GET Request to /api/targets/
info	2022-03-20 01:38:10	GET Request to /api/targets/
info	2022-03-20 01:38:10	GET Request to /api/targets/
info	2022-03-20 01:38:16	GET Request to /api/targets/
info	2022-03-20 01:39:18	GET Request to /api/targets/
info	2022-03-20 01:41:03	GET Request to /api/targets/
info	2022-03-20 01:41:07	GET Request to /api/gifts-by-targetId/1
info	2022-03-20 01:41:10	GET Request to /api/gifts-by-targetId/2
info	2022-03-20 01:41:13	GET Request to /api/gifts-by-targetId/3
info	2022-03-20 01:41:13	Resource with id 3 not found.
info	2022-03-20 01:41:55	GET Request to /api/targets/
info	2022-03-20 01:42:19	GET Request to /api/targets/
info	2022-03-20 01:42:29	GET Request to /api/gifts-by-targetId/1
info	2022-03-20 01:43:12	GET Request to /api/targets/
info	2022-03-20 01:43:22	GET Request to /api/targets/
info	2022-03-20 01:43:55	GET Request to /api/gifts-by-targetId/1
info	2022-03-20 01:44:00	GET Request to /api/targets/
info	2022-03-20 01:44:03	GET Request to /api/gifts-by-targetId/1
info	2022-03-20 01:45:22	GET Request to /api/targets/
info	2022-03-20 01:45:26	GET Request to /api/targets/
info	2022-03-20 01:45:38	GET Request to /api/targets/
info	2022-03-20 01:45:46	GET Request to /api/targets/
info	2022-03-20 01:45:56	GET Request to /api/targets/
info	2022-03-20 01:46:28	GET Request to /api/targets/
info	2022-03-20 01:46:38	GET Request to /api/targets/
info	2022-03-20 01:49:01	GET Request to /api/targets/
info	2022-03-20 01:51:20	GET Request to /api/gifts-by-targetId/1
info	2022-03-20 01:51:22	GET Request to /api/gifts-by-targetId/2
info	2022-03-20 01:51:24	GET Request to /api/gifts-by-targetId/3
info	2022-03-20 01:51:24	Resource with id 3 not found.
info	2022-03-20 02:23:53	GET Request to /api/targets/
info	2022-03-20 02:51:41	GET Request to /api/targets/
info	2022-03-20 02:52:26	GET Request to /api/targets/
info	2022-03-20 02:52:26	GET Request to /api/targets/
info	2022-03-20 02:56:52	GET Request to /api/targets/
info	2022-03-20 02:56:52	GET Request to /api/targets/
info	2022-03-20 03:01:23	POST Request to /api/gifts/
info	2022-03-20 03:01:31	GET Request to /api/targets/
info	2022-03-20 03:01:32	GET Request to /api/gifts-by-targetId/3
info	2022-03-20 03:03:14	GET Request to /api/targets/
info	2022-03-20 03:04:21	POST Request to /api/gifts/
info	2022-03-20 03:04:22	GET Request to /api/targets/
info	2022-03-20 03:04:26	GET Request to /api/gifts-by-targetId/3
info	2022-03-20 03:04:27	GET Request to /api/gifts-by-targetId/2
info	2022-03-20 03:19:08	GET Request to /api/gifts-by-targetId/3
info	2022-03-20 03:19:11	GET Request to /api/gifts-by-targetId/1
info	2022-03-20 03:19:14	GET Request to /api/gifts-by-targetId/2
info	2022-03-20 03:19:26	GET Request to /api/gifts-by-targetId/1
info	2022-03-20 03:22:31	GET Request to /api/targets/
info	2022-03-20 03:25:24	GET Request to /api/targets/
info	2022-03-20 03:25:33	GET Request to /api/targets/
info	2022-03-20 03:25:41	GET Request to /api/targets/
info	2022-03-20 03:25:43	GET Request to /api/targets/
info	2022-03-20 03:25:49	GET Request to /api/targets/
info	2022-03-20 03:25:55	GET Request to /api/targets/
info	2022-03-20 03:25:57	GET Request to /api/targets/
info	2022-03-20 03:26:08	GET Request to /api/targets/
info	2022-03-20 03:26:16	GET Request to /api/targets/
info	2022-03-20 03:26:16	GET Request to /api/targets/
info	2022-03-20 03:26:25	GET Request to /api/targets/
info	2022-03-20 03:26:36	GET Request to /api/targets/
info	2022-03-20 03:26:36	GET Request to /api/targets/
info	2022-03-20 03:26:49	GET Request to /api/targets/
info	2022-03-20 03:27:22	GET Request to /api/targets/
info	2022-03-20 03:27:51	GET Request to /api/targets/
info	2022-03-20 03:27:54	GET Request to /api/targets/
info	2022-03-20 03:27:54	GET Request to /api/targets/
info	2022-03-20 03:28:01	GET Request to /api/targets/
info	2022-03-20 03:28:02	GET Request to /api/targets/
info	2022-03-20 03:28:11	GET Request to /api/targets/
info	2022-03-20 03:32:20	GET Request to /api/targets/
info	2022-03-20 03:34:08	GET Request to /api/targets/
info	2022-03-20 03:34:08	GET Request to /api/targets/
info	2022-03-20 03:34:11	GET Request to /api/targets/
info	2022-03-20 03:34:13	POST Request to /api/gifts/
info	2022-03-20 03:34:13	"targetId" must be greater than or equal to 1. "price" must be a number. "discount" must be a number
info	2022-03-20 03:34:24	POST Request to /api/gifts/
info	2022-03-20 03:34:24	"targetId" must be greater than or equal to 1. "price" must be a number. "discount" must be a number
info	2022-03-20 03:34:31	POST Request to /api/gifts/
info	2022-03-20 03:34:31	"targetId" must be greater than or equal to 1. "price" must be a number. "discount" must be a number
info	2022-03-20 03:34:37	POST Request to /api/gifts/
info	2022-03-20 03:34:37	"targetId" must be greater than or equal to 1. "price" must be a number. "discount" must be a number
info	2022-03-20 03:34:39	POST Request to /api/gifts/
info	2022-03-20 03:34:39	"targetId" must be greater than or equal to 1. "price" must be a number. "discount" must be a number
info	2022-03-20 03:34:42	POST Request to /api/gifts/
info	2022-03-20 03:34:42	"targetId" must be greater than or equal to 1. "price" must be a number. "discount" must be a number
info	2022-03-20 03:34:56	GET Request to /api/targets/
info	2022-03-20 03:35:54	GET Request to /api/targets/
info	2022-03-20 03:36:00	GET Request to /api/targets/
info	2022-03-20 03:36:29	GET Request to /api/targets/
info	2022-03-20 03:36:30	GET Request to /api/targets/
info	2022-03-20 03:36:32	GET Request to /api/targets/
info	2022-03-20 03:36:38	GET Request to /api/targets/
info	2022-03-20 03:36:43	GET Request to /api/targets/
info	2022-03-20 03:36:43	GET Request to /api/targets/
info	2022-03-20 03:36:46	GET Request to /api/targets/
info	2022-03-20 03:36:53	GET Request to /api/targets/
info	2022-03-20 03:36:53	GET Request to /api/targets/
info	2022-03-20 03:36:53	GET Request to /api/targets/
info	2022-03-20 03:37:02	GET Request to /api/targets/
info	2022-03-20 03:37:05	GET Request to /api/targets/
info	2022-03-20 03:37:06	GET Request to /api/targets/
info	2022-03-20 03:37:26	GET Request to /api/targets/
info	2022-03-20 03:37:35	GET Request to /api/targets/
info	2022-03-20 03:37:51	GET Request to /api/targets/
info	2022-03-20 03:37:57	GET Request to /api/targets/
info	2022-03-20 03:37:59	GET Request to /api/targets/
info	2022-03-20 03:38:06	GET Request to /api/targets/
info	2022-03-20 03:38:12	GET Request to /api/targets/
info	2022-03-20 03:38:13	GET Request to /api/targets/
info	2022-03-20 03:38:26	GET Request to /api/targets/
info	2022-03-20 03:38:28	GET Request to /api/targets/
info	2022-03-20 03:38:29	GET Request to /api/targets/
info	2022-03-20 03:38:32	GET Request to /api/targets/
info	2022-03-20 03:38:35	GET Request to /api/targets/
info	2022-03-20 03:38:40	GET Request to /api/targets/
info	2022-03-20 03:38:40	GET Request to /api/targets/
info	2022-03-20 03:38:45	GET Request to /api/targets/
info	2022-03-20 03:38:50	GET Request to /api/targets/
info	2022-03-20 03:38:54	GET Request to /api/targets/
info	2022-03-20 03:39:48	GET Request to /api/targets/
info	2022-03-20 03:39:49	GET Request to /api/targets/
info	2022-03-20 03:39:49	GET Request to /api/targets/
info	2022-03-20 03:39:54	GET Request to /api/targets/
info	2022-03-20 03:40:22	GET Request to /api/targets/
info	2022-03-20 03:40:28	GET Request to /api/targets/
info	2022-03-20 03:40:54	GET Request to /api/targets/
info	2022-03-20 03:41:03	GET Request to /api/targets/
info	2022-03-20 03:42:15	GET Request to /api/targets/
info	2022-03-20 03:42:26	GET Request to /api/targets/
info	2022-03-20 03:42:27	GET Request to /api/targets/
info	2022-03-20 03:42:54	GET Request to /api/targets/
info	2022-03-20 03:42:57	GET Request to /api/targets/
info	2022-03-20 03:43:04	GET Request to /api/targets/
info	2022-03-20 03:43:12	GET Request to /api/targets/
info	2022-03-20 03:43:15	GET Request to /api/targets/
info	2022-03-20 03:43:16	GET Request to /api/targets/
info	2022-03-20 03:43:16	GET Request to /api/targets/
info	2022-03-20 03:43:17	GET Request to /api/targets/
info	2022-03-20 03:43:53	GET Request to /api/targets/
info	2022-03-20 03:45:00	GET Request to /api/targets/
info	2022-03-20 03:45:18	GET Request to /api/targets/
info	2022-03-20 03:45:20	GET Request to /api/targets/
info	2022-03-20 03:46:01	GET Request to /api/targets/
info	2022-03-20 03:46:51	GET Request to /api/targets/
info	2022-03-20 03:50:29	GET Request to /api/targets/
info	2022-03-20 03:51:19	GET Request to /api/targets/
info	2022-03-20 03:52:59	GET Request to /api/targets/
info	2022-03-20 03:53:04	GET Request to /api/targets/
info	2022-03-20 03:53:13	GET Request to /api/targets/
info	2022-03-20 03:53:16	GET Request to /api/targets/
info	2022-03-20 03:54:45	GET Request to /api/targets/
info	2022-03-20 03:57:48	GET Request to /api/targets/
info	2022-03-20 03:58:49	GET Request to /api/targets/
info	2022-03-20 03:58:57	GET Request to /api/targets/
info	2022-03-20 03:59:03	GET Request to /api/targets/
info	2022-03-20 03:59:04	GET Request to /api/targets/
info	2022-03-20 03:59:04	GET Request to /api/targets/
info	2022-03-20 03:59:07	GET Request to /api/targets/
info	2022-03-20 03:59:17	GET Request to /api/targets/
info	2022-03-20 03:59:21	GET Request to /api/targets/
info	2022-03-20 03:59:28	GET Request to /api/targets/
info	2022-03-20 03:59:42	GET Request to /api/targets/
info	2022-03-20 03:59:57	GET Request to /api/targets/
info	2022-03-20 04:01:11	POST Request to /api/gifts/
info	2022-03-20 04:01:13	GET Request to /api/targets/
info	2022-03-20 04:01:15	GET Request to /api/gifts-by-targetId/3
info	2022-03-20 04:18:33	GET Request to /api/targets/
info	2022-03-20 04:18:38	GET Request to /api/gifts-by-targetId/1
info	2022-03-20 04:19:05	GET Request to /api/targets/
info	2022-03-20 04:19:07	GET Request to /api/gifts-by-targetId/1
info	2022-03-20 04:19:23	GET Request to /api/targets/
info	2022-03-20 04:19:24	GET Request to /api/gifts-by-targetId/1
info	2022-03-20 04:19:57	GET Request to /api/targets/
info	2022-03-20 04:19:58	GET Request to /api/gifts-by-targetId/1
info	2022-03-20 04:20:21	GET Request to /api/targets/
info	2022-03-20 04:20:22	GET Request to /api/gifts-by-targetId/1
info	2022-03-20 04:20:33	GET Request to /api/gifts-by-targetId/2
info	2022-03-20 04:29:47	GET Request to /api/targets/
info	2022-03-20 04:29:49	GET Request to /api/gifts-by-targetId/2
info	2022-03-20 04:41:30	GET Request to /api/targets/
info	2022-03-20 04:41:38	GET Request to /api/targets/
info	2022-03-20 04:41:41	GET Request to /api/targets/
info	2022-03-20 04:41:45	GET Request to /api/targets/
info	2022-03-20 04:41:53	GET Request to /api/targets/
info	2022-03-20 04:41:58	GET Request to /api/targets/
info	2022-03-20 04:42:04	GET Request to /api/targets/
info	2022-03-20 04:42:11	GET Request to /api/targets/
info	2022-03-20 04:42:16	GET Request to /api/targets/
info	2022-03-20 04:42:43	GET Request to /api/targets/
info	2022-03-20 04:45:31	GET Request to /api/targets/
info	2022-03-20 04:45:35	GET Request to /api/gifts-by-targetId/1
info	2022-03-20 04:45:38	GET Request to /api/gifts-by-targetId/2
info	2022-03-20 04:46:36	GET Request to /api/targets/
info	2022-03-20 04:46:38	GET Request to /api/gifts-by-targetId/1
error	2022-03-20 04:46:38	ER_NON_UNIQ_ERROR: Column 'targetId' in where clause is ambiguous
info	2022-03-20 04:46:53	GET Request to /api/gifts-by-targetId/2
error	2022-03-20 04:46:53	ER_NON_UNIQ_ERROR: Column 'targetId' in where clause is ambiguous
info	2022-03-20 04:47:39	GET Request to /api/gifts-by-targetId/1
error	2022-03-20 04:47:39	ER_NON_UNIQ_ERROR: Column 'targetId' in where clause is ambiguous
info	2022-03-20 04:48:54	GET Request to /api/targets/
info	2022-03-20 04:48:55	GET Request to /api/gifts-by-targetId/1
info	2022-03-20 04:48:57	GET Request to /api/gifts-by-targetId/2
info	2022-03-20 04:48:58	GET Request to /api/gifts-by-targetId/3
info	2022-03-20 04:59:21	GET Request to /api/targets/
info	2022-03-20 04:59:23	GET Request to /api/gifts-by-targetId/1
info	2022-03-20 04:59:24	GET Request to /api/gifts-by-targetId/2
info	2022-03-20 05:00:34	GET Request to /api/targets/
info	2022-03-20 05:04:28	GET Request to /api/targets/
info	2022-03-20 05:04:33	GET Request to /api/gifts-by-targetId/1
info	2022-03-20 05:04:42	GET Request to /api/gifts-by-targetId/3
info	2022-03-20 05:04:45	DELETE Request to /api/gifts/8
info	2022-03-20 05:04:50	GET Request to /api/targets/
info	2022-03-20 05:04:52	GET Request to /api/gifts-by-targetId/3
info	2022-03-20 05:06:43	GET Request to /api/targets/
info	2022-03-20 05:08:42	GET Request to /api/targets/
info	2022-03-20 05:08:47	GET Request to /api/targets/
info	2022-03-20 05:09:12	GET Request to /api/targets/
info	2022-03-20 05:09:15	GET Request to /api/targets/
info	2022-03-20 05:09:26	POST Request to /api/gifts/
info	2022-03-20 05:09:28	GET Request to /api/targets/
info	2022-03-20 05:09:31	GET Request to /api/gifts-by-targetId/3
info	2022-03-20 05:09:33	DELETE Request to /api/gifts/9
info	2022-03-20 05:09:37	GET Request to /api/targets/
info	2022-03-20 05:09:39	GET Request to /api/gifts-by-targetId/3
info	2022-03-21 12:17:36	GET Request to /api/targets
